生成启动时间为 2017/5/9 14:07:45。
     1>项目“C:\Users\apple\Desktop\Breakout-master\BreakOut-master\源码\BreakOut\BreakOut\BreakOut.vcxproj”在节点 2 上(Build 个目标)。
     1>ClCompile:
         C:\Program Files (x86)\Microsoft Visual Studio 11.0\VC\bin\CL.exe /c /ZI /nologo /W3 /WX- /Od /Oy- /D WIN32 /D _DEBUG /D _WINDOWS /D _MBCS /Gm /EHsc /RTC1 /MDd /GS /fp:precise /Zc:wchar_t /Zc:forScope /Fo"Debug\\" /Fd"Debug\vc110.pdb" /Gd /TP /analyze- /errorReport:prompt BreakOut.cpp
         BreakOut.cpp
     1>c:\users\apple\desktop\breakout-master\breakout-master\源码\breakout\breakout\breakout.cpp(179): warning C4996: 'fopen': This function or variable may be unsafe. Consider using fopen_s instead. To disable deprecation, use _CRT_SECURE_NO_WARNINGS. See online help for details.
                 c:\program files (x86)\microsoft visual studio 11.0\vc\include\stdio.h(218) : 参见“fopen”的声明
     1>c:\users\apple\desktop\breakout-master\breakout-master\源码\breakout\breakout\breakout.cpp(188): warning C4996: 'fscanf': This function or variable may be unsafe. Consider using fscanf_s instead. To disable deprecation, use _CRT_SECURE_NO_WARNINGS. See online help for details.
                 c:\program files (x86)\microsoft visual studio 11.0\vc\include\stdio.h(237) : 参见“fscanf”的声明
     1>c:\users\apple\desktop\breakout-master\breakout-master\源码\breakout\breakout\breakout.cpp(178): warning C4101: “num”: 未引用的局部变量
     1>c:\users\apple\desktop\breakout-master\breakout-master\源码\breakout\breakout\breakout.cpp(201): warning C4244: “参数”: 从“int”转换到“float”，可能丢失数据
     1>c:\users\apple\desktop\breakout-master\breakout-master\源码\breakout\breakout\breakout.cpp(204): warning C4244: “参数”: 从“int”转换到“float”，可能丢失数据
     1>c:\users\apple\desktop\breakout-master\breakout-master\源码\breakout\breakout\breakout.cpp(207): warning C4244: “参数”: 从“int”转换到“float”，可能丢失数据
     1>c:\users\apple\desktop\breakout-master\breakout-master\源码\breakout\breakout\breakout.cpp(210): warning C4244: “参数”: 从“int”转换到“float”，可能丢失数据
     1>c:\users\apple\desktop\breakout-master\breakout-master\源码\breakout\breakout\breakout.cpp(213): warning C4244: “参数”: 从“int”转换到“float”，可能丢失数据
     1>c:\users\apple\desktop\breakout-master\breakout-master\源码\breakout\breakout\breakout.cpp(216): warning C4244: “参数”: 从“int”转换到“float”，可能丢失数据
     1>c:\users\apple\desktop\breakout-master\breakout-master\源码\breakout\breakout\breakout.cpp(219): warning C4244: “参数”: 从“int”转换到“float”，可能丢失数据
     1>c:\users\apple\desktop\breakout-master\breakout-master\源码\breakout\breakout\breakout.cpp(407): warning C4244: “参数”: 从“const int”转换到“float”，可能丢失数据
     1>c:\users\apple\desktop\breakout-master\breakout-master\源码\breakout\breakout\breakout.cpp(534): warning C4244: “参数”: 从“int”转换到“float”，可能丢失数据
     1>c:\users\apple\desktop\breakout-master\breakout-master\源码\breakout\breakout\breakout.cpp(549): warning C4244: “参数”: 从“const int”转换到“float”，可能丢失数据
     1>c:\users\apple\desktop\breakout-master\breakout-master\源码\breakout\breakout\breakout.cpp(572): warning C4244: “参数”: 从“int”转换到“float”，可能丢失数据
     1>c:\users\apple\desktop\breakout-master\breakout-master\源码\breakout\breakout\breakout.cpp(573): warning C4244: “参数”: 从“int”转换到“float”，可能丢失数据
     1>c:\users\apple\desktop\breakout-master\breakout-master\源码\breakout\breakout\breakout.cpp(611): warning C4244: “初始化”: 从“float”转换到“int”，可能丢失数据
     1>c:\users\apple\desktop\breakout-master\breakout-master\源码\breakout\breakout\breakout.cpp(719): warning C4244: “参数”: 从“const int”转换到“float”，可能丢失数据
       Link:
         C:\Program Files (x86)\Microsoft Visual Studio 11.0\VC\bin\link.exe /ERRORREPORT:PROMPT /OUT:"C:\Users\apple\Desktop\Breakout-master\BreakOut-master\源码\BreakOut\Debug\BreakOut.exe" /INCREMENTAL /NOLOGO /LIBPATH:\lib\vc hge.lib hgehelp.lib kernel32.lib user32.lib gdi32.lib winspool.lib comdlg32.lib advapi32.lib shell32.lib ole32.lib oleaut32.lib uuid.lib odbc32.lib odbccp32.lib kernel32.lib user32.lib gdi32.lib winspool.lib comdlg32.lib advapi32.lib shell32.lib ole32.lib oleaut32.lib uuid.lib odbc32.lib odbccp32.lib /MANIFEST /MANIFESTUAC:"level='asInvoker' uiAccess='false'" /manifest:embed /DEBUG /PDB:"C:\Users\apple\Desktop\Breakout-master\BreakOut-master\源码\BreakOut\Debug\BreakOut.pdb" /SUBSYSTEM:WINDOWS /TLBID:1 /DYNAMICBASE /NXCOMPAT /IMPLIB:"C:\Users\apple\Desktop\Breakout-master\BreakOut-master\源码\BreakOut\Debug\BreakOut.lib" /MACHINE:X86 Debug\BreakOut.obj
         Debug\menuitem.obj
         BreakOut.vcxproj -> C:\Users\apple\Desktop\Breakout-master\BreakOut-master\源码\BreakOut\Debug\BreakOut.exe
     1>已完成生成项目“C:\Users\apple\Desktop\Breakout-master\BreakOut-master\源码\BreakOut\BreakOut\BreakOut.vcxproj”(Build 个目标)的操作。

生成成功。

已用时间 00:00:04.79
